 
****************************************
Report : area
Design : nrs_index_gen_tx
Version: K-2015.06
Date   : Sat Jul  6 09:22:59 2024
****************************************

Library(s) Used:

    scmetro_tsmc_cl013g_rvt_ss_1p08v_125c (File: /home/IC/tsmc_fb_cl013g_sc/aci/sc-m/synopsys/scmetro_tsmc_cl013g_rvt_ss_1p08v_125c.db)

Number of ports:                           25
Number of nets:                            63
Number of cells:                           54
Number of combinational cells:             53
Number of sequential cells:                 1
Number of macros/black boxes:               0
Number of buf/inv:                          7
Number of references:                      15

Combinational area:                365.953704
Buf/Inv area:                       24.710701
Noncombinational area:               0.000000
Macro/Black Box area:                0.000000
Net Interconnect area:      undefined  (No wire load specified)

Total cell area:                   365.953704
Total area:                 undefined

Hierarchical area distribution
------------------------------

                                  Global cell area          Local cell area
                                  ------------------  --------------------------- 
Hierarchical cell                 Absolute   Percent  Combi-    Noncombi-  Black-
                                  Total      Total    national  national   boxes   Design
--------------------------------  ---------  -------  --------  ---------  ------  ---------
nrs_index_gen_tx                   365.9537    100.0  365.9537     0.0000  0.0000  nrs_index_gen_tx
--------------------------------  ---------  -------  --------  ---------  ------  ---------
Total                                                 365.9537     0.0000  0.0000

1
