 
****************************************
Report : timing
        -path full
        -delay min
        -max_paths 20
Design : ch_est_top
Version: K-2015.06
Date   : Sun Jul  7 10:15:26 2024
****************************************

Operating Conditions: scmetro_tsmc_cl013g_rvt_ff_1p32v_m40c   Library: scmetro_tsmc_cl013g_rvt_ff_1p32v_m40c
Wire Load Model Mode: top

  Startpoint: cntrl_unit/valid_eqlz_reg
              (rising edge-triggered flip-flop clocked by clk)
  Endpoint: cntrl_unit/valid_eqlz_reg
            (rising edge-triggered flip-flop clocked by clk)
  Path Group: clk
  Path Type: min

  Point                                                   Incr       Path
  --------------------------------------------------------------------------
  clock clk (rise edge)                                   0.00       0.00
  clock network delay (ideal)                             0.00       0.00
  cntrl_unit/valid_eqlz_reg/CK (DFFRX1M)                  0.00       0.00 r
  cntrl_unit/valid_eqlz_reg/QN (DFFRX1M)                  0.33       0.33 r
  cntrl_unit/U138/Y (AOI31X2M)                            0.09       0.42 f
  cntrl_unit/valid_eqlz_reg/D (DFFRX1M)                   0.00       0.42 f
  data arrival time                                                  0.42

  clock clk (rise edge)                                   0.00       0.00
  clock network delay (ideal)                             0.00       0.00
  clock uncertainty                                       0.10       0.10
  cntrl_unit/valid_eqlz_reg/CK (DFFRX1M)                  0.00       0.10 r
  library hold time                                      -0.02       0.08
  data required time                                                 0.08
  --------------------------------------------------------------------------
  data required time                                                 0.08
  data arrival time                                                 -0.42
  --------------------------------------------------------------------------
  slack (MET)                                                        0.34


  Startpoint: cntrl_unit/go_2_reg
              (rising edge-triggered flip-flop clocked by clk)
  Endpoint: cntrl_unit/go_2_reg
            (rising edge-triggered flip-flop clocked by clk)
  Path Group: clk
  Path Type: min

  Point                                    Incr       Path
  -----------------------------------------------------------
  clock clk (rise edge)                    0.00       0.00
  clock network delay (ideal)              0.00       0.00
  cntrl_unit/go_2_reg/CK (DFFRQX2M)        0.00       0.00 r
  cntrl_unit/go_2_reg/Q (DFFRQX2M)         0.38       0.38 r
  cntrl_unit/U137/Y (NOR4BX1M)             0.07       0.45 f
  cntrl_unit/go_2_reg/D (DFFRQX2M)         0.00       0.45 f
  data arrival time                                   0.45

  clock clk (rise edge)                    0.00       0.00
  clock network delay (ideal)              0.00       0.00
  clock uncertainty                        0.10       0.10
  cntrl_unit/go_2_reg/CK (DFFRQX2M)        0.00       0.10 r
  library hold time                       -0.03       0.07
  data required time                                  0.07
  -----------------------------------------------------------
  data required time                                  0.07
  data arrival time                                  -0.45
  -----------------------------------------------------------
  slack (MET)                                         0.38


  Startpoint: interpolation/regs_r/reg_E_reg[0]
              (rising edge-triggered flip-flop clocked by clk)
  Endpoint: interpolation/regs_r/reg_E_reg[0]
            (rising edge-triggered flip-flop clocked by clk)
  Path Group: clk
  Path Type: min

  Point                                                   Incr       Path
  --------------------------------------------------------------------------
  clock clk (rise edge)                                   0.00       0.00
  clock network delay (ideal)                             0.00       0.00
  interpolation/regs_r/reg_E_reg[0]/CK (DFFRX1M)          0.00       0.00 r
  interpolation/regs_r/reg_E_reg[0]/QN (DFFRX1M)          0.32       0.32 r
  interpolation/regs_r/U120/Y (OAI222X1M)                 0.14       0.45 f
  interpolation/regs_r/reg_E_reg[0]/D (DFFRX1M)           0.00       0.45 f
  data arrival time                                                  0.45

  clock clk (rise edge)                                   0.00       0.00
  clock network delay (ideal)                             0.00       0.00
  clock uncertainty                                       0.10       0.10
  interpolation/regs_r/reg_E_reg[0]/CK (DFFRX1M)          0.00       0.10 r
  library hold time                                      -0.03       0.07
  data required time                                                 0.07
  --------------------------------------------------------------------------
  data required time                                                 0.07
  data arrival time                                                 -0.45
  --------------------------------------------------------------------------
  slack (MET)                                                        0.38


  Startpoint: interpolation/regs_i/reg_E_reg[0]
              (rising edge-triggered flip-flop clocked by clk)
  Endpoint: interpolation/regs_i/reg_E_reg[0]
            (rising edge-triggered flip-flop clocked by clk)
  Path Group: clk
  Path Type: min

  Point                                                   Incr       Path
  --------------------------------------------------------------------------
  clock clk (rise edge)                                   0.00       0.00
  clock network delay (ideal)                             0.00       0.00
  interpolation/regs_i/reg_E_reg[0]/CK (DFFRX1M)          0.00       0.00 r
  interpolation/regs_i/reg_E_reg[0]/QN (DFFRX1M)          0.32       0.32 r
  interpolation/regs_i/U121/Y (OAI222X1M)                 0.14       0.45 f
  interpolation/regs_i/reg_E_reg[0]/D (DFFRX1M)           0.00       0.45 f
  data arrival time                                                  0.45

  clock clk (rise edge)                                   0.00       0.00
  clock network delay (ideal)                             0.00       0.00
  clock uncertainty                                       0.10       0.10
  interpolation/regs_i/reg_E_reg[0]/CK (DFFRX1M)          0.00       0.10 r
  library hold time                                      -0.03       0.07
  data required time                                                 0.07
  --------------------------------------------------------------------------
  data required time                                                 0.07
  data arrival time                                                 -0.45
  --------------------------------------------------------------------------
  slack (MET)                                                        0.38


  Startpoint: interpolation/regs_r/reg_E_reg[5]
              (rising edge-triggered flip-flop clocked by clk)
  Endpoint: interpolation/regs_r/reg_E_reg[5]
            (rising edge-triggered flip-flop clocked by clk)
  Path Group: clk
  Path Type: min

  Point                                                   Incr       Path
  --------------------------------------------------------------------------
  clock clk (rise edge)                                   0.00       0.00
  clock network delay (ideal)                             0.00       0.00
  interpolation/regs_r/reg_E_reg[5]/CK (DFFRX1M)          0.00       0.00 r
  interpolation/regs_r/reg_E_reg[5]/QN (DFFRX1M)          0.32       0.32 r
  interpolation/regs_r/U106/Y (OAI222X1M)                 0.14       0.45 f
  interpolation/regs_r/reg_E_reg[5]/D (DFFRX1M)           0.00       0.45 f
  data arrival time                                                  0.45

  clock clk (rise edge)                                   0.00       0.00
  clock network delay (ideal)                             0.00       0.00
  clock uncertainty                                       0.10       0.10
  interpolation/regs_r/reg_E_reg[5]/CK (DFFRX1M)          0.00       0.10 r
  library hold time                                      -0.03       0.07
  data required time                                                 0.07
  --------------------------------------------------------------------------
  data required time                                                 0.07
  data arrival time                                                 -0.45
  --------------------------------------------------------------------------
  slack (MET)                                                        0.38


  Startpoint: interpolation/regs_r/reg_E_reg[4]
              (rising edge-triggered flip-flop clocked by clk)
  Endpoint: interpolation/regs_r/reg_E_reg[4]
            (rising edge-triggered flip-flop clocked by clk)
  Path Group: clk
  Path Type: min

  Point                                                   Incr       Path
  --------------------------------------------------------------------------
  clock clk (rise edge)                                   0.00       0.00
  clock network delay (ideal)                             0.00       0.00
  interpolation/regs_r/reg_E_reg[4]/CK (DFFRX1M)          0.00       0.00 r
  interpolation/regs_r/reg_E_reg[4]/QN (DFFRX1M)          0.32       0.32 r
  interpolation/regs_r/U104/Y (OAI222X1M)                 0.14       0.45 f
  interpolation/regs_r/reg_E_reg[4]/D (DFFRX1M)           0.00       0.45 f
  data arrival time                                                  0.45

  clock clk (rise edge)                                   0.00       0.00
  clock network delay (ideal)                             0.00       0.00
  clock uncertainty                                       0.10       0.10
  interpolation/regs_r/reg_E_reg[4]/CK (DFFRX1M)          0.00       0.10 r
  library hold time                                      -0.03       0.07
  data required time                                                 0.07
  --------------------------------------------------------------------------
  data required time                                                 0.07
  data arrival time                                                 -0.45
  --------------------------------------------------------------------------
  slack (MET)                                                        0.38


  Startpoint: interpolation/regs_r/reg_E_reg[3]
              (rising edge-triggered flip-flop clocked by clk)
  Endpoint: interpolation/regs_r/reg_E_reg[3]
            (rising edge-triggered flip-flop clocked by clk)
  Path Group: clk
  Path Type: min

  Point                                                   Incr       Path
  --------------------------------------------------------------------------
  clock clk (rise edge)                                   0.00       0.00
  clock network delay (ideal)                             0.00       0.00
  interpolation/regs_r/reg_E_reg[3]/CK (DFFRX1M)          0.00       0.00 r
  interpolation/regs_r/reg_E_reg[3]/QN (DFFRX1M)          0.32       0.32 r
  interpolation/regs_r/U102/Y (OAI222X1M)                 0.14       0.45 f
  interpolation/regs_r/reg_E_reg[3]/D (DFFRX1M)           0.00       0.45 f
  data arrival time                                                  0.45

  clock clk (rise edge)                                   0.00       0.00
  clock network delay (ideal)                             0.00       0.00
  clock uncertainty                                       0.10       0.10
  interpolation/regs_r/reg_E_reg[3]/CK (DFFRX1M)          0.00       0.10 r
  library hold time                                      -0.03       0.07
  data required time                                                 0.07
  --------------------------------------------------------------------------
  data required time                                                 0.07
  data arrival time                                                 -0.45
  --------------------------------------------------------------------------
  slack (MET)                                                        0.38


  Startpoint: interpolation/regs_i/reg_E_reg[15]
              (rising edge-triggered flip-flop clocked by clk)
  Endpoint: interpolation/regs_i/reg_E_reg[15]
            (rising edge-triggered flip-flop clocked by clk)
  Path Group: clk
  Path Type: min

  Point                                                   Incr       Path
  --------------------------------------------------------------------------
  clock clk (rise edge)                                   0.00       0.00
  clock network delay (ideal)                             0.00       0.00
  interpolation/regs_i/reg_E_reg[15]/CK (DFFRX1M)         0.00       0.00 r
  interpolation/regs_i/reg_E_reg[15]/QN (DFFRX1M)         0.32       0.32 r
  interpolation/regs_i/U42/Y (OAI222X1M)                  0.14       0.45 f
  interpolation/regs_i/reg_E_reg[15]/D (DFFRX1M)          0.00       0.45 f
  data arrival time                                                  0.45

  clock clk (rise edge)                                   0.00       0.00
  clock network delay (ideal)                             0.00       0.00
  clock uncertainty                                       0.10       0.10
  interpolation/regs_i/reg_E_reg[15]/CK (DFFRX1M)         0.00       0.10 r
  library hold time                                      -0.03       0.07
  data required time                                                 0.07
  --------------------------------------------------------------------------
  data required time                                                 0.07
  data arrival time                                                 -0.45
  --------------------------------------------------------------------------
  slack (MET)                                                        0.38


  Startpoint: interpolation/regs_i/reg_E_reg[14]
              (rising edge-triggered flip-flop clocked by clk)
  Endpoint: interpolation/regs_i/reg_E_reg[14]
            (rising edge-triggered flip-flop clocked by clk)
  Path Group: clk
  Path Type: min

  Point                                                   Incr       Path
  --------------------------------------------------------------------------
  clock clk (rise edge)                                   0.00       0.00
  clock network delay (ideal)                             0.00       0.00
  interpolation/regs_i/reg_E_reg[14]/CK (DFFRX1M)         0.00       0.00 r
  interpolation/regs_i/reg_E_reg[14]/QN (DFFRX1M)         0.32       0.32 r
  interpolation/regs_i/U64/Y (OAI222X1M)                  0.14       0.45 f
  interpolation/regs_i/reg_E_reg[14]/D (DFFRX1M)          0.00       0.45 f
  data arrival time                                                  0.45

  clock clk (rise edge)                                   0.00       0.00
  clock network delay (ideal)                             0.00       0.00
  clock uncertainty                                       0.10       0.10
  interpolation/regs_i/reg_E_reg[14]/CK (DFFRX1M)         0.00       0.10 r
  library hold time                                      -0.03       0.07
  data required time                                                 0.07
  --------------------------------------------------------------------------
  data required time                                                 0.07
  data arrival time                                                 -0.45
  --------------------------------------------------------------------------
  slack (MET)                                                        0.38


  Startpoint: interpolation/regs_i/reg_E_reg[13]
              (rising edge-triggered flip-flop clocked by clk)
  Endpoint: interpolation/regs_i/reg_E_reg[13]
            (rising edge-triggered flip-flop clocked by clk)
  Path Group: clk
  Path Type: min

  Point                                                   Incr       Path
  --------------------------------------------------------------------------
  clock clk (rise edge)                                   0.00       0.00
  clock network delay (ideal)                             0.00       0.00
  interpolation/regs_i/reg_E_reg[13]/CK (DFFRX1M)         0.00       0.00 r
  interpolation/regs_i/reg_E_reg[13]/QN (DFFRX1M)         0.32       0.32 r
  interpolation/regs_i/U62/Y (OAI222X1M)                  0.14       0.45 f
  interpolation/regs_i/reg_E_reg[13]/D (DFFRX1M)          0.00       0.45 f
  data arrival time                                                  0.45

  clock clk (rise edge)                                   0.00       0.00
  clock network delay (ideal)                             0.00       0.00
  clock uncertainty                                       0.10       0.10
  interpolation/regs_i/reg_E_reg[13]/CK (DFFRX1M)         0.00       0.10 r
  library hold time                                      -0.03       0.07
  data required time                                                 0.07
  --------------------------------------------------------------------------
  data required time                                                 0.07
  data arrival time                                                 -0.45
  --------------------------------------------------------------------------
  slack (MET)                                                        0.38


  Startpoint: interpolation/regs_i/reg_E_reg[12]
              (rising edge-triggered flip-flop clocked by clk)
  Endpoint: interpolation/regs_i/reg_E_reg[12]
            (rising edge-triggered flip-flop clocked by clk)
  Path Group: clk
  Path Type: min

  Point                                                   Incr       Path
  --------------------------------------------------------------------------
  clock clk (rise edge)                                   0.00       0.00
  clock network delay (ideal)                             0.00       0.00
  interpolation/regs_i/reg_E_reg[12]/CK (DFFRX1M)         0.00       0.00 r
  interpolation/regs_i/reg_E_reg[12]/QN (DFFRX1M)         0.32       0.32 r
  interpolation/regs_i/U60/Y (OAI222X1M)                  0.14       0.45 f
  interpolation/regs_i/reg_E_reg[12]/D (DFFRX1M)          0.00       0.45 f
  data arrival time                                                  0.45

  clock clk (rise edge)                                   0.00       0.00
  clock network delay (ideal)                             0.00       0.00
  clock uncertainty                                       0.10       0.10
  interpolation/regs_i/reg_E_reg[12]/CK (DFFRX1M)         0.00       0.10 r
  library hold time                                      -0.03       0.07
  data required time                                                 0.07
  --------------------------------------------------------------------------
  data required time                                                 0.07
  data arrival time                                                 -0.45
  --------------------------------------------------------------------------
  slack (MET)                                                        0.38


  Startpoint: interpolation/regs_i/reg_E_reg[11]
              (rising edge-triggered flip-flop clocked by clk)
  Endpoint: interpolation/regs_i/reg_E_reg[11]
            (rising edge-triggered flip-flop clocked by clk)
  Path Group: clk
  Path Type: min

  Point                                                   Incr       Path
  --------------------------------------------------------------------------
  clock clk (rise edge)                                   0.00       0.00
  clock network delay (ideal)                             0.00       0.00
  interpolation/regs_i/reg_E_reg[11]/CK (DFFRX1M)         0.00       0.00 r
  interpolation/regs_i/reg_E_reg[11]/QN (DFFRX1M)         0.32       0.32 r
  interpolation/regs_i/U58/Y (OAI222X1M)                  0.14       0.45 f
  interpolation/regs_i/reg_E_reg[11]/D (DFFRX1M)          0.00       0.45 f
  data arrival time                                                  0.45

  clock clk (rise edge)                                   0.00       0.00
  clock network delay (ideal)                             0.00       0.00
  clock uncertainty                                       0.10       0.10
  interpolation/regs_i/reg_E_reg[11]/CK (DFFRX1M)         0.00       0.10 r
  library hold time                                      -0.03       0.07
  data required time                                                 0.07
  --------------------------------------------------------------------------
  data required time                                                 0.07
  data arrival time                                                 -0.45
  --------------------------------------------------------------------------
  slack (MET)                                                        0.38


  Startpoint: interpolation/regs_i/reg_E_reg[10]
              (rising edge-triggered flip-flop clocked by clk)
  Endpoint: interpolation/regs_i/reg_E_reg[10]
            (rising edge-triggered flip-flop clocked by clk)
  Path Group: clk
  Path Type: min

  Point                                                   Incr       Path
  --------------------------------------------------------------------------
  clock clk (rise edge)                                   0.00       0.00
  clock network delay (ideal)                             0.00       0.00
  interpolation/regs_i/reg_E_reg[10]/CK (DFFRX1M)         0.00       0.00 r
  interpolation/regs_i/reg_E_reg[10]/QN (DFFRX1M)         0.32       0.32 r
  interpolation/regs_i/U56/Y (OAI222X1M)                  0.14       0.45 f
  interpolation/regs_i/reg_E_reg[10]/D (DFFRX1M)          0.00       0.45 f
  data arrival time                                                  0.45

  clock clk (rise edge)                                   0.00       0.00
  clock network delay (ideal)                             0.00       0.00
  clock uncertainty                                       0.10       0.10
  interpolation/regs_i/reg_E_reg[10]/CK (DFFRX1M)         0.00       0.10 r
  library hold time                                      -0.03       0.07
  data required time                                                 0.07
  --------------------------------------------------------------------------
  data required time                                                 0.07
  data arrival time                                                 -0.45
  --------------------------------------------------------------------------
  slack (MET)                                                        0.38


  Startpoint: interpolation/regs_i/reg_E_reg[9]
              (rising edge-triggered flip-flop clocked by clk)
  Endpoint: interpolation/regs_i/reg_E_reg[9]
            (rising edge-triggered flip-flop clocked by clk)
  Path Group: clk
  Path Type: min

  Point                                                   Incr       Path
  --------------------------------------------------------------------------
  clock clk (rise edge)                                   0.00       0.00
  clock network delay (ideal)                             0.00       0.00
  interpolation/regs_i/reg_E_reg[9]/CK (DFFRX1M)          0.00       0.00 r
  interpolation/regs_i/reg_E_reg[9]/QN (DFFRX1M)          0.32       0.32 r
  interpolation/regs_i/U84/Y (OAI222X1M)                  0.14       0.45 f
  interpolation/regs_i/reg_E_reg[9]/D (DFFRX1M)           0.00       0.45 f
  data arrival time                                                  0.45

  clock clk (rise edge)                                   0.00       0.00
  clock network delay (ideal)                             0.00       0.00
  clock uncertainty                                       0.10       0.10
  interpolation/regs_i/reg_E_reg[9]/CK (DFFRX1M)          0.00       0.10 r
  library hold time                                      -0.03       0.07
  data required time                                                 0.07
  --------------------------------------------------------------------------
  data required time                                                 0.07
  data arrival time                                                 -0.45
  --------------------------------------------------------------------------
  slack (MET)                                                        0.38


  Startpoint: interpolation/regs_i/reg_E_reg[8]
              (rising edge-triggered flip-flop clocked by clk)
  Endpoint: interpolation/regs_i/reg_E_reg[8]
            (rising edge-triggered flip-flop clocked by clk)
  Path Group: clk
  Path Type: min

  Point                                                   Incr       Path
  --------------------------------------------------------------------------
  clock clk (rise edge)                                   0.00       0.00
  clock network delay (ideal)                             0.00       0.00
  interpolation/regs_i/reg_E_reg[8]/CK (DFFRX1M)          0.00       0.00 r
  interpolation/regs_i/reg_E_reg[8]/QN (DFFRX1M)          0.32       0.32 r
  interpolation/regs_i/U82/Y (OAI222X1M)                  0.14       0.45 f
  interpolation/regs_i/reg_E_reg[8]/D (DFFRX1M)           0.00       0.45 f
  data arrival time                                                  0.45

  clock clk (rise edge)                                   0.00       0.00
  clock network delay (ideal)                             0.00       0.00
  clock uncertainty                                       0.10       0.10
  interpolation/regs_i/reg_E_reg[8]/CK (DFFRX1M)          0.00       0.10 r
  library hold time                                      -0.03       0.07
  data required time                                                 0.07
  --------------------------------------------------------------------------
  data required time                                                 0.07
  data arrival time                                                 -0.45
  --------------------------------------------------------------------------
  slack (MET)                                                        0.38


  Startpoint: interpolation/regs_i/reg_E_reg[7]
              (rising edge-triggered flip-flop clocked by clk)
  Endpoint: interpolation/regs_i/reg_E_reg[7]
            (rising edge-triggered flip-flop clocked by clk)
  Path Group: clk
  Path Type: min

  Point                                                   Incr       Path
  --------------------------------------------------------------------------
  clock clk (rise edge)                                   0.00       0.00
  clock network delay (ideal)                             0.00       0.00
  interpolation/regs_i/reg_E_reg[7]/CK (DFFRX1M)          0.00       0.00 r
  interpolation/regs_i/reg_E_reg[7]/QN (DFFRX1M)          0.32       0.32 r
  interpolation/regs_i/U80/Y (OAI222X1M)                  0.14       0.45 f
  interpolation/regs_i/reg_E_reg[7]/D (DFFRX1M)           0.00       0.45 f
  data arrival time                                                  0.45

  clock clk (rise edge)                                   0.00       0.00
  clock network delay (ideal)                             0.00       0.00
  clock uncertainty                                       0.10       0.10
  interpolation/regs_i/reg_E_reg[7]/CK (DFFRX1M)          0.00       0.10 r
  library hold time                                      -0.03       0.07
  data required time                                                 0.07
  --------------------------------------------------------------------------
  data required time                                                 0.07
  data arrival time                                                 -0.45
  --------------------------------------------------------------------------
  slack (MET)                                                        0.38


  Startpoint: interpolation/regs_i/reg_E_reg[6]
              (rising edge-triggered flip-flop clocked by clk)
  Endpoint: interpolation/regs_i/reg_E_reg[6]
            (rising edge-triggered flip-flop clocked by clk)
  Path Group: clk
  Path Type: min

  Point                                                   Incr       Path
  --------------------------------------------------------------------------
  clock clk (rise edge)                                   0.00       0.00
  clock network delay (ideal)                             0.00       0.00
  interpolation/regs_i/reg_E_reg[6]/CK (DFFRX1M)          0.00       0.00 r
  interpolation/regs_i/reg_E_reg[6]/QN (DFFRX1M)          0.32       0.32 r
  interpolation/regs_i/U78/Y (OAI222X1M)                  0.14       0.45 f
  interpolation/regs_i/reg_E_reg[6]/D (DFFRX1M)           0.00       0.45 f
  data arrival time                                                  0.45

  clock clk (rise edge)                                   0.00       0.00
  clock network delay (ideal)                             0.00       0.00
  clock uncertainty                                       0.10       0.10
  interpolation/regs_i/reg_E_reg[6]/CK (DFFRX1M)          0.00       0.10 r
  library hold time                                      -0.03       0.07
  data required time                                                 0.07
  --------------------------------------------------------------------------
  data required time                                                 0.07
  data arrival time                                                 -0.45
  --------------------------------------------------------------------------
  slack (MET)                                                        0.38


  Startpoint: interpolation/regs_i/reg_E_reg[5]
              (rising edge-triggered flip-flop clocked by clk)
  Endpoint: interpolation/regs_i/reg_E_reg[5]
            (rising edge-triggered flip-flop clocked by clk)
  Path Group: clk
  Path Type: min

  Point                                                   Incr       Path
  --------------------------------------------------------------------------
  clock clk (rise edge)                                   0.00       0.00
  clock network delay (ideal)                             0.00       0.00
  interpolation/regs_i/reg_E_reg[5]/CK (DFFRX1M)          0.00       0.00 r
  interpolation/regs_i/reg_E_reg[5]/QN (DFFRX1M)          0.32       0.32 r
  interpolation/regs_i/U107/Y (OAI222X1M)                 0.14       0.45 f
  interpolation/regs_i/reg_E_reg[5]/D (DFFRX1M)           0.00       0.45 f
  data arrival time                                                  0.45

  clock clk (rise edge)                                   0.00       0.00
  clock network delay (ideal)                             0.00       0.00
  clock uncertainty                                       0.10       0.10
  interpolation/regs_i/reg_E_reg[5]/CK (DFFRX1M)          0.00       0.10 r
  library hold time                                      -0.03       0.07
  data required time                                                 0.07
  --------------------------------------------------------------------------
  data required time                                                 0.07
  data arrival time                                                 -0.45
  --------------------------------------------------------------------------
  slack (MET)                                                        0.38


  Startpoint: interpolation/regs_i/reg_E_reg[4]
              (rising edge-triggered flip-flop clocked by clk)
  Endpoint: interpolation/regs_i/reg_E_reg[4]
            (rising edge-triggered flip-flop clocked by clk)
  Path Group: clk
  Path Type: min

  Point                                                   Incr       Path
  --------------------------------------------------------------------------
  clock clk (rise edge)                                   0.00       0.00
  clock network delay (ideal)                             0.00       0.00
  interpolation/regs_i/reg_E_reg[4]/CK (DFFRX1M)          0.00       0.00 r
  interpolation/regs_i/reg_E_reg[4]/QN (DFFRX1M)          0.32       0.32 r
  interpolation/regs_i/U105/Y (OAI222X1M)                 0.14       0.45 f
  interpolation/regs_i/reg_E_reg[4]/D (DFFRX1M)           0.00       0.45 f
  data arrival time                                                  0.45

  clock clk (rise edge)                                   0.00       0.00
  clock network delay (ideal)                             0.00       0.00
  clock uncertainty                                       0.10       0.10
  interpolation/regs_i/reg_E_reg[4]/CK (DFFRX1M)          0.00       0.10 r
  library hold time                                      -0.03       0.07
  data required time                                                 0.07
  --------------------------------------------------------------------------
  data required time                                                 0.07
  data arrival time                                                 -0.45
  --------------------------------------------------------------------------
  slack (MET)                                                        0.38


  Startpoint: interpolation/regs_i/reg_E_reg[3]
              (rising edge-triggered flip-flop clocked by clk)
  Endpoint: interpolation/regs_i/reg_E_reg[3]
            (rising edge-triggered flip-flop clocked by clk)
  Path Group: clk
  Path Type: min

  Point                                                   Incr       Path
  --------------------------------------------------------------------------
  clock clk (rise edge)                                   0.00       0.00
  clock network delay (ideal)                             0.00       0.00
  interpolation/regs_i/reg_E_reg[3]/CK (DFFRX1M)          0.00       0.00 r
  interpolation/regs_i/reg_E_reg[3]/QN (DFFRX1M)          0.32       0.32 r
  interpolation/regs_i/U103/Y (OAI222X1M)                 0.14       0.45 f
  interpolation/regs_i/reg_E_reg[3]/D (DFFRX1M)           0.00       0.45 f
  data arrival time                                                  0.45

  clock clk (rise edge)                                   0.00       0.00
  clock network delay (ideal)                             0.00       0.00
  clock uncertainty                                       0.10       0.10
  interpolation/regs_i/reg_E_reg[3]/CK (DFFRX1M)          0.00       0.10 r
  library hold time                                      -0.03       0.07
  data required time                                                 0.07
  --------------------------------------------------------------------------
  data required time                                                 0.07
  data arrival time                                                 -0.45
  --------------------------------------------------------------------------
  slack (MET)                                                        0.38


1
