 
****************************************
Report : area
Design : nrs_index_gen_rx
Version: K-2015.06
Date   : Sat Jul  6 07:55:19 2024
****************************************

Library(s) Used:

    scmetro_tsmc_cl013g_rvt_ss_1p08v_125c (File: /home/IC/tsmc_fb_cl013g_sc/aci/sc-m/synopsys/scmetro_tsmc_cl013g_rvt_ss_1p08v_125c.db)

Number of ports:                           18
Number of nets:                            75
Number of cells:                           64
Number of combinational cells:             64
Number of sequential cells:                 0
Number of macros/black boxes:               0
Number of buf/inv:                         10
Number of references:                      23

Combinational area:                467.149904
Buf/Inv area:                       35.301001
Noncombinational area:               0.000000
Macro/Black Box area:                0.000000
Net Interconnect area:      undefined  (No wire load specified)

Total cell area:                   467.149904
Total area:                 undefined

Hierarchical area distribution
------------------------------

                                  Global cell area          Local cell area
                                  ------------------  --------------------------- 
Hierarchical cell                 Absolute   Percent  Combi-    Noncombi-  Black-
                                  Total      Total    national  national   boxes   Design
--------------------------------  ---------  -------  --------  ---------  ------  ---------
nrs_index_gen_rx                   467.1499    100.0  467.1499     0.0000  0.0000  nrs_index_gen_rx
--------------------------------  ---------  -------  --------  ---------  ------  ---------
Total                                                 467.1499     0.0000  0.0000

1
