 
****************************************
Report : timing
        -path full
        -delay min
        -max_paths 20
Design : NRS_top_new_tx
Version: K-2015.06
Date   : Sat Jul  6 12:09:47 2024
****************************************

Operating Conditions: scmetro_tsmc_cl013g_rvt_ff_1p32v_m40c   Library: scmetro_tsmc_cl013g_rvt_ff_1p32v_m40c
Wire Load Model Mode: top

  Startpoint: x2_LFSR/LFSR_reg[29]
              (rising edge-triggered flip-flop clocked by clk)
  Endpoint: x2_LFSR/LFSR_reg[29]
            (rising edge-triggered flip-flop clocked by clk)
  Path Group: clk
  Path Type: min

  Point                                    Incr       Path
  -----------------------------------------------------------
  clock clk (rise edge)                    0.00       0.00
  clock network delay (ideal)              0.00       0.00
  x2_LFSR/LFSR_reg[29]/CK (DFFRX1M)        0.00       0.00 r
  x2_LFSR/LFSR_reg[29]/QN (DFFRX1M)        0.34       0.34 r
  x2_LFSR/U66/Y (OAI22X1M)                 0.07       0.41 f
  x2_LFSR/LFSR_reg[29]/D (DFFRX1M)         0.00       0.41 f
  data arrival time                                   0.41

  clock clk (rise edge)                    0.00       0.00
  clock network delay (ideal)              0.00       0.00
  clock uncertainty                        0.10       0.10
  x2_LFSR/LFSR_reg[29]/CK (DFFRX1M)        0.00       0.10 r
  library hold time                       -0.02       0.08
  data required time                                  0.08
  -----------------------------------------------------------
  data required time                                  0.08
  data arrival time                                  -0.41
  -----------------------------------------------------------
  slack (MET)                                         0.33


  Startpoint: x1_LFSR/LFSR_reg[29]
              (rising edge-triggered flip-flop clocked by clk)
  Endpoint: x1_LFSR/LFSR_reg[29]
            (rising edge-triggered flip-flop clocked by clk)
  Path Group: clk
  Path Type: min

  Point                                    Incr       Path
  -----------------------------------------------------------
  clock clk (rise edge)                    0.00       0.00
  clock network delay (ideal)              0.00       0.00
  x1_LFSR/LFSR_reg[29]/CK (DFFRX1M)        0.00       0.00 r
  x1_LFSR/LFSR_reg[29]/QN (DFFRX1M)        0.34       0.34 r
  x1_LFSR/U10/Y (OAI22X1M)                 0.07       0.41 f
  x1_LFSR/LFSR_reg[29]/D (DFFRX1M)         0.00       0.41 f
  data arrival time                                   0.41

  clock clk (rise edge)                    0.00       0.00
  clock network delay (ideal)              0.00       0.00
  clock uncertainty                        0.10       0.10
  x1_LFSR/LFSR_reg[29]/CK (DFFRX1M)        0.00       0.10 r
  library hold time                       -0.02       0.08
  data required time                                  0.08
  -----------------------------------------------------------
  data required time                                  0.08
  data arrival time                                  -0.41
  -----------------------------------------------------------
  slack (MET)                                         0.33


  Startpoint: x1_LFSR/LFSR_reg[2]
              (rising edge-triggered flip-flop clocked by clk)
  Endpoint: x1_LFSR/LFSR_reg[2]
            (rising edge-triggered flip-flop clocked by clk)
  Path Group: clk
  Path Type: min

  Point                                    Incr       Path
  -----------------------------------------------------------
  clock clk (rise edge)                    0.00       0.00
  clock network delay (ideal)              0.00       0.00
  x1_LFSR/LFSR_reg[2]/CK (DFFRX1M)         0.00       0.00 r
  x1_LFSR/LFSR_reg[2]/QN (DFFRX1M)         0.34       0.34 r
  x1_LFSR/U9/Y (OAI22X1M)                  0.07       0.41 f
  x1_LFSR/LFSR_reg[2]/D (DFFRX1M)          0.00       0.41 f
  data arrival time                                   0.41

  clock clk (rise edge)                    0.00       0.00
  clock network delay (ideal)              0.00       0.00
  clock uncertainty                        0.10       0.10
  x1_LFSR/LFSR_reg[2]/CK (DFFRX1M)         0.00       0.10 r
  library hold time                       -0.02       0.08
  data required time                                  0.08
  -----------------------------------------------------------
  data required time                                  0.08
  data arrival time                                  -0.41
  -----------------------------------------------------------
  slack (MET)                                         0.33


  Startpoint: x1_LFSR/LFSR_reg[20]
              (rising edge-triggered flip-flop clocked by clk)
  Endpoint: x1_LFSR/LFSR_reg[20]
            (rising edge-triggered flip-flop clocked by clk)
  Path Group: clk
  Path Type: min

  Point                                    Incr       Path
  -----------------------------------------------------------
  clock clk (rise edge)                    0.00       0.00
  clock network delay (ideal)              0.00       0.00
  x1_LFSR/LFSR_reg[20]/CK (DFFRX1M)        0.00       0.00 r
  x1_LFSR/LFSR_reg[20]/QN (DFFRX1M)        0.34       0.34 r
  x1_LFSR/U11/Y (OAI22X1M)                 0.07       0.41 f
  x1_LFSR/LFSR_reg[20]/D (DFFRX1M)         0.00       0.41 f
  data arrival time                                   0.41

  clock clk (rise edge)                    0.00       0.00
  clock network delay (ideal)              0.00       0.00
  clock uncertainty                        0.10       0.10
  x1_LFSR/LFSR_reg[20]/CK (DFFRX1M)        0.00       0.10 r
  library hold time                       -0.02       0.08
  data required time                                  0.08
  -----------------------------------------------------------
  data required time                                  0.08
  data arrival time                                  -0.41
  -----------------------------------------------------------
  slack (MET)                                         0.33


  Startpoint: x1_LFSR/LFSR_reg[19]
              (rising edge-triggered flip-flop clocked by clk)
  Endpoint: x1_LFSR/LFSR_reg[19]
            (rising edge-triggered flip-flop clocked by clk)
  Path Group: clk
  Path Type: min

  Point                                    Incr       Path
  -----------------------------------------------------------
  clock clk (rise edge)                    0.00       0.00
  clock network delay (ideal)              0.00       0.00
  x1_LFSR/LFSR_reg[19]/CK (DFFRX1M)        0.00       0.00 r
  x1_LFSR/LFSR_reg[19]/QN (DFFRX1M)        0.34       0.34 r
  x1_LFSR/U36/Y (OAI22X1M)                 0.07       0.41 f
  x1_LFSR/LFSR_reg[19]/D (DFFRX1M)         0.00       0.41 f
  data arrival time                                   0.41

  clock clk (rise edge)                    0.00       0.00
  clock network delay (ideal)              0.00       0.00
  clock uncertainty                        0.10       0.10
  x1_LFSR/LFSR_reg[19]/CK (DFFRX1M)        0.00       0.10 r
  library hold time                       -0.02       0.08
  data required time                                  0.08
  -----------------------------------------------------------
  data required time                                  0.08
  data arrival time                                  -0.41
  -----------------------------------------------------------
  slack (MET)                                         0.33


  Startpoint: x1_LFSR/LFSR_reg[18]
              (rising edge-triggered flip-flop clocked by clk)
  Endpoint: x1_LFSR/LFSR_reg[18]
            (rising edge-triggered flip-flop clocked by clk)
  Path Group: clk
  Path Type: min

  Point                                    Incr       Path
  -----------------------------------------------------------
  clock clk (rise edge)                    0.00       0.00
  clock network delay (ideal)              0.00       0.00
  x1_LFSR/LFSR_reg[18]/CK (DFFRX1M)        0.00       0.00 r
  x1_LFSR/LFSR_reg[18]/QN (DFFRX1M)        0.34       0.34 r
  x1_LFSR/U35/Y (OAI22X1M)                 0.07       0.41 f
  x1_LFSR/LFSR_reg[18]/D (DFFRX1M)         0.00       0.41 f
  data arrival time                                   0.41

  clock clk (rise edge)                    0.00       0.00
  clock network delay (ideal)              0.00       0.00
  clock uncertainty                        0.10       0.10
  x1_LFSR/LFSR_reg[18]/CK (DFFRX1M)        0.00       0.10 r
  library hold time                       -0.02       0.08
  data required time                                  0.08
  -----------------------------------------------------------
  data required time                                  0.08
  data arrival time                                  -0.41
  -----------------------------------------------------------
  slack (MET)                                         0.33


  Startpoint: x1_LFSR/LFSR_reg[17]
              (rising edge-triggered flip-flop clocked by clk)
  Endpoint: x1_LFSR/LFSR_reg[17]
            (rising edge-triggered flip-flop clocked by clk)
  Path Group: clk
  Path Type: min

  Point                                    Incr       Path
  -----------------------------------------------------------
  clock clk (rise edge)                    0.00       0.00
  clock network delay (ideal)              0.00       0.00
  x1_LFSR/LFSR_reg[17]/CK (DFFRX1M)        0.00       0.00 r
  x1_LFSR/LFSR_reg[17]/QN (DFFRX1M)        0.34       0.34 r
  x1_LFSR/U34/Y (OAI22X1M)                 0.07       0.41 f
  x1_LFSR/LFSR_reg[17]/D (DFFRX1M)         0.00       0.41 f
  data arrival time                                   0.41

  clock clk (rise edge)                    0.00       0.00
  clock network delay (ideal)              0.00       0.00
  clock uncertainty                        0.10       0.10
  x1_LFSR/LFSR_reg[17]/CK (DFFRX1M)        0.00       0.10 r
  library hold time                       -0.02       0.08
  data required time                                  0.08
  -----------------------------------------------------------
  data required time                                  0.08
  data arrival time                                  -0.41
  -----------------------------------------------------------
  slack (MET)                                         0.33


  Startpoint: x1_LFSR/LFSR_reg[16]
              (rising edge-triggered flip-flop clocked by clk)
  Endpoint: x1_LFSR/LFSR_reg[16]
            (rising edge-triggered flip-flop clocked by clk)
  Path Group: clk
  Path Type: min

  Point                                    Incr       Path
  -----------------------------------------------------------
  clock clk (rise edge)                    0.00       0.00
  clock network delay (ideal)              0.00       0.00
  x1_LFSR/LFSR_reg[16]/CK (DFFRX1M)        0.00       0.00 r
  x1_LFSR/LFSR_reg[16]/QN (DFFRX1M)        0.34       0.34 r
  x1_LFSR/U33/Y (OAI22X1M)                 0.07       0.41 f
  x1_LFSR/LFSR_reg[16]/D (DFFRX1M)         0.00       0.41 f
  data arrival time                                   0.41

  clock clk (rise edge)                    0.00       0.00
  clock network delay (ideal)              0.00       0.00
  clock uncertainty                        0.10       0.10
  x1_LFSR/LFSR_reg[16]/CK (DFFRX1M)        0.00       0.10 r
  library hold time                       -0.02       0.08
  data required time                                  0.08
  -----------------------------------------------------------
  data required time                                  0.08
  data arrival time                                  -0.41
  -----------------------------------------------------------
  slack (MET)                                         0.33


  Startpoint: x1_LFSR/LFSR_reg[15]
              (rising edge-triggered flip-flop clocked by clk)
  Endpoint: x1_LFSR/LFSR_reg[15]
            (rising edge-triggered flip-flop clocked by clk)
  Path Group: clk
  Path Type: min

  Point                                    Incr       Path
  -----------------------------------------------------------
  clock clk (rise edge)                    0.00       0.00
  clock network delay (ideal)              0.00       0.00
  x1_LFSR/LFSR_reg[15]/CK (DFFRX1M)        0.00       0.00 r
  x1_LFSR/LFSR_reg[15]/QN (DFFRX1M)        0.34       0.34 r
  x1_LFSR/U32/Y (OAI22X1M)                 0.07       0.41 f
  x1_LFSR/LFSR_reg[15]/D (DFFRX1M)         0.00       0.41 f
  data arrival time                                   0.41

  clock clk (rise edge)                    0.00       0.00
  clock network delay (ideal)              0.00       0.00
  clock uncertainty                        0.10       0.10
  x1_LFSR/LFSR_reg[15]/CK (DFFRX1M)        0.00       0.10 r
  library hold time                       -0.02       0.08
  data required time                                  0.08
  -----------------------------------------------------------
  data required time                                  0.08
  data arrival time                                  -0.41
  -----------------------------------------------------------
  slack (MET)                                         0.33


  Startpoint: x1_LFSR/LFSR_reg[14]
              (rising edge-triggered flip-flop clocked by clk)
  Endpoint: x1_LFSR/LFSR_reg[14]
            (rising edge-triggered flip-flop clocked by clk)
  Path Group: clk
  Path Type: min

  Point                                    Incr       Path
  -----------------------------------------------------------
  clock clk (rise edge)                    0.00       0.00
  clock network delay (ideal)              0.00       0.00
  x1_LFSR/LFSR_reg[14]/CK (DFFRX1M)        0.00       0.00 r
  x1_LFSR/LFSR_reg[14]/QN (DFFRX1M)        0.34       0.34 r
  x1_LFSR/U31/Y (OAI22X1M)                 0.07       0.41 f
  x1_LFSR/LFSR_reg[14]/D (DFFRX1M)         0.00       0.41 f
  data arrival time                                   0.41

  clock clk (rise edge)                    0.00       0.00
  clock network delay (ideal)              0.00       0.00
  clock uncertainty                        0.10       0.10
  x1_LFSR/LFSR_reg[14]/CK (DFFRX1M)        0.00       0.10 r
  library hold time                       -0.02       0.08
  data required time                                  0.08
  -----------------------------------------------------------
  data required time                                  0.08
  data arrival time                                  -0.41
  -----------------------------------------------------------
  slack (MET)                                         0.33


  Startpoint: x1_LFSR/LFSR_reg[13]
              (rising edge-triggered flip-flop clocked by clk)
  Endpoint: x1_LFSR/LFSR_reg[13]
            (rising edge-triggered flip-flop clocked by clk)
  Path Group: clk
  Path Type: min

  Point                                    Incr       Path
  -----------------------------------------------------------
  clock clk (rise edge)                    0.00       0.00
  clock network delay (ideal)              0.00       0.00
  x1_LFSR/LFSR_reg[13]/CK (DFFRX1M)        0.00       0.00 r
  x1_LFSR/LFSR_reg[13]/QN (DFFRX1M)        0.34       0.34 r
  x1_LFSR/U30/Y (OAI22X1M)                 0.07       0.41 f
  x1_LFSR/LFSR_reg[13]/D (DFFRX1M)         0.00       0.41 f
  data arrival time                                   0.41

  clock clk (rise edge)                    0.00       0.00
  clock network delay (ideal)              0.00       0.00
  clock uncertainty                        0.10       0.10
  x1_LFSR/LFSR_reg[13]/CK (DFFRX1M)        0.00       0.10 r
  library hold time                       -0.02       0.08
  data required time                                  0.08
  -----------------------------------------------------------
  data required time                                  0.08
  data arrival time                                  -0.41
  -----------------------------------------------------------
  slack (MET)                                         0.33


  Startpoint: x1_LFSR/LFSR_reg[12]
              (rising edge-triggered flip-flop clocked by clk)
  Endpoint: x1_LFSR/LFSR_reg[12]
            (rising edge-triggered flip-flop clocked by clk)
  Path Group: clk
  Path Type: min

  Point                                    Incr       Path
  -----------------------------------------------------------
  clock clk (rise edge)                    0.00       0.00
  clock network delay (ideal)              0.00       0.00
  x1_LFSR/LFSR_reg[12]/CK (DFFRX1M)        0.00       0.00 r
  x1_LFSR/LFSR_reg[12]/QN (DFFRX1M)        0.34       0.34 r
  x1_LFSR/U29/Y (OAI22X1M)                 0.07       0.41 f
  x1_LFSR/LFSR_reg[12]/D (DFFRX1M)         0.00       0.41 f
  data arrival time                                   0.41

  clock clk (rise edge)                    0.00       0.00
  clock network delay (ideal)              0.00       0.00
  clock uncertainty                        0.10       0.10
  x1_LFSR/LFSR_reg[12]/CK (DFFRX1M)        0.00       0.10 r
  library hold time                       -0.02       0.08
  data required time                                  0.08
  -----------------------------------------------------------
  data required time                                  0.08
  data arrival time                                  -0.41
  -----------------------------------------------------------
  slack (MET)                                         0.33


  Startpoint: x1_LFSR/LFSR_reg[11]
              (rising edge-triggered flip-flop clocked by clk)
  Endpoint: x1_LFSR/LFSR_reg[11]
            (rising edge-triggered flip-flop clocked by clk)
  Path Group: clk
  Path Type: min

  Point                                    Incr       Path
  -----------------------------------------------------------
  clock clk (rise edge)                    0.00       0.00
  clock network delay (ideal)              0.00       0.00
  x1_LFSR/LFSR_reg[11]/CK (DFFRX1M)        0.00       0.00 r
  x1_LFSR/LFSR_reg[11]/QN (DFFRX1M)        0.34       0.34 r
  x1_LFSR/U28/Y (OAI22X1M)                 0.07       0.41 f
  x1_LFSR/LFSR_reg[11]/D (DFFRX1M)         0.00       0.41 f
  data arrival time                                   0.41

  clock clk (rise edge)                    0.00       0.00
  clock network delay (ideal)              0.00       0.00
  clock uncertainty                        0.10       0.10
  x1_LFSR/LFSR_reg[11]/CK (DFFRX1M)        0.00       0.10 r
  library hold time                       -0.02       0.08
  data required time                                  0.08
  -----------------------------------------------------------
  data required time                                  0.08
  data arrival time                                  -0.41
  -----------------------------------------------------------
  slack (MET)                                         0.33


  Startpoint: x1_LFSR/LFSR_reg[10]
              (rising edge-triggered flip-flop clocked by clk)
  Endpoint: x1_LFSR/LFSR_reg[10]
            (rising edge-triggered flip-flop clocked by clk)
  Path Group: clk
  Path Type: min

  Point                                    Incr       Path
  -----------------------------------------------------------
  clock clk (rise edge)                    0.00       0.00
  clock network delay (ideal)              0.00       0.00
  x1_LFSR/LFSR_reg[10]/CK (DFFRX1M)        0.00       0.00 r
  x1_LFSR/LFSR_reg[10]/QN (DFFRX1M)        0.34       0.34 r
  x1_LFSR/U27/Y (OAI22X1M)                 0.07       0.41 f
  x1_LFSR/LFSR_reg[10]/D (DFFRX1M)         0.00       0.41 f
  data arrival time                                   0.41

  clock clk (rise edge)                    0.00       0.00
  clock network delay (ideal)              0.00       0.00
  clock uncertainty                        0.10       0.10
  x1_LFSR/LFSR_reg[10]/CK (DFFRX1M)        0.00       0.10 r
  library hold time                       -0.02       0.08
  data required time                                  0.08
  -----------------------------------------------------------
  data required time                                  0.08
  data arrival time                                  -0.41
  -----------------------------------------------------------
  slack (MET)                                         0.33


  Startpoint: x1_LFSR/LFSR_reg[9]
              (rising edge-triggered flip-flop clocked by clk)
  Endpoint: x1_LFSR/LFSR_reg[9]
            (rising edge-triggered flip-flop clocked by clk)
  Path Group: clk
  Path Type: min

  Point                                    Incr       Path
  -----------------------------------------------------------
  clock clk (rise edge)                    0.00       0.00
  clock network delay (ideal)              0.00       0.00
  x1_LFSR/LFSR_reg[9]/CK (DFFRX1M)         0.00       0.00 r
  x1_LFSR/LFSR_reg[9]/QN (DFFRX1M)         0.34       0.34 r
  x1_LFSR/U26/Y (OAI22X1M)                 0.07       0.41 f
  x1_LFSR/LFSR_reg[9]/D (DFFRX1M)          0.00       0.41 f
  data arrival time                                   0.41

  clock clk (rise edge)                    0.00       0.00
  clock network delay (ideal)              0.00       0.00
  clock uncertainty                        0.10       0.10
  x1_LFSR/LFSR_reg[9]/CK (DFFRX1M)         0.00       0.10 r
  library hold time                       -0.02       0.08
  data required time                                  0.08
  -----------------------------------------------------------
  data required time                                  0.08
  data arrival time                                  -0.41
  -----------------------------------------------------------
  slack (MET)                                         0.33


  Startpoint: x1_LFSR/LFSR_reg[8]
              (rising edge-triggered flip-flop clocked by clk)
  Endpoint: x1_LFSR/LFSR_reg[8]
            (rising edge-triggered flip-flop clocked by clk)
  Path Group: clk
  Path Type: min

  Point                                    Incr       Path
  -----------------------------------------------------------
  clock clk (rise edge)                    0.00       0.00
  clock network delay (ideal)              0.00       0.00
  x1_LFSR/LFSR_reg[8]/CK (DFFRX1M)         0.00       0.00 r
  x1_LFSR/LFSR_reg[8]/QN (DFFRX1M)         0.34       0.34 r
  x1_LFSR/U25/Y (OAI22X1M)                 0.07       0.41 f
  x1_LFSR/LFSR_reg[8]/D (DFFRX1M)          0.00       0.41 f
  data arrival time                                   0.41

  clock clk (rise edge)                    0.00       0.00
  clock network delay (ideal)              0.00       0.00
  clock uncertainty                        0.10       0.10
  x1_LFSR/LFSR_reg[8]/CK (DFFRX1M)         0.00       0.10 r
  library hold time                       -0.02       0.08
  data required time                                  0.08
  -----------------------------------------------------------
  data required time                                  0.08
  data arrival time                                  -0.41
  -----------------------------------------------------------
  slack (MET)                                         0.33


  Startpoint: x1_LFSR/LFSR_reg[7]
              (rising edge-triggered flip-flop clocked by clk)
  Endpoint: x1_LFSR/LFSR_reg[7]
            (rising edge-triggered flip-flop clocked by clk)
  Path Group: clk
  Path Type: min

  Point                                    Incr       Path
  -----------------------------------------------------------
  clock clk (rise edge)                    0.00       0.00
  clock network delay (ideal)              0.00       0.00
  x1_LFSR/LFSR_reg[7]/CK (DFFRX1M)         0.00       0.00 r
  x1_LFSR/LFSR_reg[7]/QN (DFFRX1M)         0.34       0.34 r
  x1_LFSR/U24/Y (OAI22X1M)                 0.07       0.41 f
  x1_LFSR/LFSR_reg[7]/D (DFFRX1M)          0.00       0.41 f
  data arrival time                                   0.41

  clock clk (rise edge)                    0.00       0.00
  clock network delay (ideal)              0.00       0.00
  clock uncertainty                        0.10       0.10
  x1_LFSR/LFSR_reg[7]/CK (DFFRX1M)         0.00       0.10 r
  library hold time                       -0.02       0.08
  data required time                                  0.08
  -----------------------------------------------------------
  data required time                                  0.08
  data arrival time                                  -0.41
  -----------------------------------------------------------
  slack (MET)                                         0.33


  Startpoint: x1_LFSR/LFSR_reg[6]
              (rising edge-triggered flip-flop clocked by clk)
  Endpoint: x1_LFSR/LFSR_reg[6]
            (rising edge-triggered flip-flop clocked by clk)
  Path Group: clk
  Path Type: min

  Point                                    Incr       Path
  -----------------------------------------------------------
  clock clk (rise edge)                    0.00       0.00
  clock network delay (ideal)              0.00       0.00
  x1_LFSR/LFSR_reg[6]/CK (DFFRX1M)         0.00       0.00 r
  x1_LFSR/LFSR_reg[6]/QN (DFFRX1M)         0.34       0.34 r
  x1_LFSR/U23/Y (OAI22X1M)                 0.07       0.41 f
  x1_LFSR/LFSR_reg[6]/D (DFFRX1M)          0.00       0.41 f
  data arrival time                                   0.41

  clock clk (rise edge)                    0.00       0.00
  clock network delay (ideal)              0.00       0.00
  clock uncertainty                        0.10       0.10
  x1_LFSR/LFSR_reg[6]/CK (DFFRX1M)         0.00       0.10 r
  library hold time                       -0.02       0.08
  data required time                                  0.08
  -----------------------------------------------------------
  data required time                                  0.08
  data arrival time                                  -0.41
  -----------------------------------------------------------
  slack (MET)                                         0.33


  Startpoint: x1_LFSR/LFSR_reg[5]
              (rising edge-triggered flip-flop clocked by clk)
  Endpoint: x1_LFSR/LFSR_reg[5]
            (rising edge-triggered flip-flop clocked by clk)
  Path Group: clk
  Path Type: min

  Point                                    Incr       Path
  -----------------------------------------------------------
  clock clk (rise edge)                    0.00       0.00
  clock network delay (ideal)              0.00       0.00
  x1_LFSR/LFSR_reg[5]/CK (DFFRX1M)         0.00       0.00 r
  x1_LFSR/LFSR_reg[5]/QN (DFFRX1M)         0.34       0.34 r
  x1_LFSR/U22/Y (OAI22X1M)                 0.07       0.41 f
  x1_LFSR/LFSR_reg[5]/D (DFFRX1M)          0.00       0.41 f
  data arrival time                                   0.41

  clock clk (rise edge)                    0.00       0.00
  clock network delay (ideal)              0.00       0.00
  clock uncertainty                        0.10       0.10
  x1_LFSR/LFSR_reg[5]/CK (DFFRX1M)         0.00       0.10 r
  library hold time                       -0.02       0.08
  data required time                                  0.08
  -----------------------------------------------------------
  data required time                                  0.08
  data arrival time                                  -0.41
  -----------------------------------------------------------
  slack (MET)                                         0.33


  Startpoint: x1_LFSR/LFSR_reg[4]
              (rising edge-triggered flip-flop clocked by clk)
  Endpoint: x1_LFSR/LFSR_reg[4]
            (rising edge-triggered flip-flop clocked by clk)
  Path Group: clk
  Path Type: min

  Point                                    Incr       Path
  -----------------------------------------------------------
  clock clk (rise edge)                    0.00       0.00
  clock network delay (ideal)              0.00       0.00
  x1_LFSR/LFSR_reg[4]/CK (DFFRX1M)         0.00       0.00 r
  x1_LFSR/LFSR_reg[4]/QN (DFFRX1M)         0.34       0.34 r
  x1_LFSR/U21/Y (OAI22X1M)                 0.07       0.41 f
  x1_LFSR/LFSR_reg[4]/D (DFFRX1M)          0.00       0.41 f
  data arrival time                                   0.41

  clock clk (rise edge)                    0.00       0.00
  clock network delay (ideal)              0.00       0.00
  clock uncertainty                        0.10       0.10
  x1_LFSR/LFSR_reg[4]/CK (DFFRX1M)         0.00       0.10 r
  library hold time                       -0.02       0.08
  data required time                                  0.08
  -----------------------------------------------------------
  data required time                                  0.08
  data arrival time                                  -0.41
  -----------------------------------------------------------
  slack (MET)                                         0.33


1
